main.c:
audio.c:
sprites.c:
dialogue.c:
jpfont.c:
misakiUTF16.c:
messages_bank.c:
messages_runtime.c:
banked_graphics.c:
map_data_bank.c:
map_data_runtime.c:
font_data_bank.c:
font_data_runtime.c:
battle_data_bank.c:
battle_data_runtime.c:
battle_text.c:
battle_text.c:29: warning 110: conditional flow changed by optimizer: so said EVELYN the modified DOG
game_flags.c:
quest.c:
inventory.c:
party_runtime.c:
actor_runtime.c:
field_feature_runtime.c:
heavy_metal_celtic_battle_bgm.c:
heavy_metal_celtic_battle_bgm.c:227: warning 94: comparison is always false due to limited range of data type
heavy_metal_celtic_battle_bgm.c:228: warning 126: unreachable code
